TN:
SF:src/release2mqtt/__init__.py
DA:1,1,bd964HYmMOixaDyPp+KakA
LF:0
LH:0
BRF:0
BRH:0
end_of_record
TN:
SF:src/release2mqtt/app.py
DA:1,0,y0EdtUA1m2c0Z1f8RoGcRQ
DA:2,0,EZEzNmL93PY96zsSuI0PfQ
DA:3,0,4KXOIu0EzlFAqlH6QJ+whA
DA:4,0,DxtaAXdRc2C7Jp33EWZ6lg
DA:5,0,6vWAvNsegNqafFN4IKLrhg
DA:7,0,e75FAxQ4mdh4aS5CNq89mQ
DA:9,0,/I+gemuR58e30heYx8uvoA
DA:11,0,IrF5525C/H0VrheaeCLy4w
DA:12,0,Jy425F+zvoeoXEPvXUCM9w
DA:13,0,xZObtIlz29OgrsgNJhtseA
DA:15,0,Cq5pMv54cIEB4c92BNYl1Q
DA:17,0,QUgE2xhogHDGLFPAtGrfcg
DA:18,0,tZ9cNRZ4WpSu6ZwO9t+4hw
DA:19,0,xywwwPYljQiegzf/swVuCA
DA:30,0,waPUVRRNGILgT1EHJixTvA
DA:31,0,HBwCXTZ1wlAg7ZtrNgw4fA
DA:32,0,NpU9MW5ZM0vTNQ1kWWeb6g
DA:33,0,bArgJgZ2E53xil9MANyyPA
DA:34,0,f/KtZ/66i5oDOCPNWOifig
DA:36,0,ThNyd1lZqX7zJwNqTCDpPQ
DA:38,0,ezSlb1YxxXpZFKt6+qsENw
DA:39,0,UTyLHoCb3e7IvvSg2S12mA
DA:40,0,QaHv20UmBZBiYCgKEuC48A
DA:41,0,LwDDqCdDJq0eYQhrWnPOOQ
DA:47,0,VS9UJc6Ff9Ttb6Y9QkyAXw
DA:48,0,R7i6ShVyNPThd9liSfdfWA
DA:49,0,pR7enaWnovymc6ch/IMKRg
DA:50,0,b9evo3qJyip3xqX6ZjPQ4w
DA:51,0,frDCkK6/BmyehUa/Eeo3vw
DA:52,0,O/Hr/l3Vxk8Z/FPUTFQmMA
DA:53,0,sS3kvfao+NPAPcaF0lovjg
DA:54,0,ipZJ0B1SgyIzywzf5fGdNg
DA:55,0,sngjlhaZZQC0jC4eom5izg
DA:57,0,gO07LY7ld3wqdj9oMK+uQA
DA:59,0,FN3woasiOUw8Iw7sK8FFVQ
DA:60,0,Ssr+KBcW+Nlm2hQmTlUg1A
DA:61,0,R7i6ShVyNPThd9liSfdfWA
DA:62,0,aNY4Zxm0DQJ4Ew961gA1ow
DA:63,0,FI3Uf7/WSjSy4vugWPDo9w
DA:64,0,4imWjGxLCp4muv+vJk+niQ
DA:65,0,u6EhegpeU3Ik3aX+PkHc2Q
DA:67,0,pJ1n5WVAX9pUaWS8mzQC/A
DA:68,0,OW5pFIbEvZJoo2StTbr+8A
DA:69,0,I6vE9QTfMzQTn54oThWQgA
DA:70,0,6xyRaYOiG3MJVg0d+7qHiQ
DA:72,0,ZbDArLxAnQILhCH58B6Wrw
DA:73,0,nVj4lKtC4M13Mkd/iUGqIQ
DA:75,0,jrIzU0Cv5P8Dj40k+8hoIg
DA:76,0,ddC4w/tgPDsH8Oz6exiGRA
DA:77,0,3Q7et5ozH551gZn0l591Kw
DA:83,0,XP10rZxtxbuAa3ePXbuMjw
DA:85,0,wANakILHhZZTqCGetr02eg
DA:88,0,xQVNdxAJxuGw1z9RcZmDQw
DA:89,0,A+9rQeQet4DMfTHaGRhNpA
DA:90,0,zCTstX20yaDihmgkWCL4dg
LF:55
LH:0
BRDA:40,0,0,-
BRDA:41,0,1,-
BRDA:0,1,0,-
BRDA:49,1,1,-
BRDA:53,2,0,-
BRDA:55,2,1,-
BRDA:52,3,0,-
BRDA:54,3,1,-
BRDA:62,4,0,-
BRDA:63,4,1,-
BRDA:70,5,0,-
BRDA:72,5,1,-
BRDA:0,6,0,-
BRDA:75,6,1,-
BRDA:77,7,0,-
BRDA:85,7,1,-
BRDA:0,8,0,-
BRDA:89,8,1,-
BRF:18
BRH:0
end_of_record
TN:
SF:src/release2mqtt/config.py
DA:1,1,7Z9Lj4ed27Wf2hBX6jooEA
DA:2,1,zVIrvo60kTiMN8IFGNmBDQ
DA:3,1,Fgl+vbOUGcWRorxc5bC0Iw
DA:4,1,6vWAvNsegNqafFN4IKLrhg
DA:6,1,e75FAxQ4mdh4aS5CNq89mQ
DA:7,1,LzteTL+WOKgP9RExs28ZRw
DA:9,1,Cq5pMv54cIEB4c92BNYl1Q
DA:12,1,CT9XrugR0VmgtyLiirko8A
DA:13,1,2JT7aa9crtkLzZQz8JCSyw
DA:14,1,KUHLZnUrOCuqTzr34vyEYA
DA:15,1,LTsaywBspD3vd7EPwn5+Ug
DA:16,1,mekWxFLwaZRuAzjOaqUmbQ
DA:17,1,zId02I0euLOYNv5UuC3Ngw
DA:18,1,IVPUsX7Hrng70Uzigu48+g
DA:21,1,CT9XrugR0VmgtyLiirko8A
DA:22,1,5uWGk1LC9+TCLVAtSQPwrQ
DA:23,1,ySuE/vej2jFvnBGlleJsJw
DA:24,1,vsCw0reYz8+PynfUDOhpVA
DA:25,1,F4VVKlJOvPFRuSYV9Yan6Q
DA:26,1,wz767d/Nb5ZJA/1eFNbE+w
DA:27,1,GnAAxjIEWCfScSfHSOQfzg
DA:28,1,ZEU61RAMyhP21amAmo/5iA
DA:29,1,O1poOicwGXxwBXP8Hr8iBQ
DA:32,1,CT9XrugR0VmgtyLiirko8A
DA:33,1,+pHZIFpnUC9vJRJNT32WPg
DA:34,1,tPq2/sNd24DimfbFoGURzg
DA:35,1,ySuE/vej2jFvnBGlleJsJw
DA:38,1,CT9XrugR0VmgtyLiirko8A
DA:39,1,sM0p3EgRp/rVW4qzUVlLTw
DA:40,1,KxhsSBrYn/C/TVMmDmlwcA
DA:41,1,W8HRL7uKG8X7sPklK1qFDg
DA:44,1,CT9XrugR0VmgtyLiirko8A
DA:45,1,SzY0zv0HavcL3lTUENN4YQ
DA:46,1,PGtEI8/w9dUo1fR2qiGvBA
DA:49,1,CT9XrugR0VmgtyLiirko8A
DA:50,1,0wHYcxn4jQJi0D5jZMDuWQ
DA:51,1,KSTsWyD9tcud8X+IrJ5a2w
DA:54,1,CT9XrugR0VmgtyLiirko8A
DA:55,1,W1vzqS5yEbTtOfddYP2dfg
DA:56,1,FCSooQzXnBPwzYSoKRX+kQ
DA:57,1,bBcp+PrSfhVOBs1j4sAL4Q
DA:58,1,SpfmaDEpg5w7HRDZ+Q6qtg
DA:59,1,UXYg6XRsYuglXgFUAdELFw
DA:60,1,YpWabENd7VE6D2x7omBj8w
DA:61,1,SJl9Xg2RKUP7MLgP8cBloQ
DA:64,1,CT9XrugR0VmgtyLiirko8A
DA:65,1,ijJVN8ZssH15fWdik7yguQ
DA:66,1,E1CA5pJ8o0CN8EADISlRHQ
DA:69,1,CT9XrugR0VmgtyLiirko8A
DA:70,1,i6G2NlOrBRPOtWfV9cWEog
DA:71,1,FzPF9ShQBMR4hLVycWLc0w
DA:72,1,LarmdewBHyQNs5M8j+lMMg
DA:73,1,ATkQ8OKey+7XXw4nblfucg
DA:76,1,CT9XrugR0VmgtyLiirko8A
DA:77,1,UP4dD/dETePwyIXbVqQqCA
DA:78,1,Bzx9gCWaESPMlIDk5JzUhA
DA:81,1,AdT1NDoH8FIqV7lDgmKzbg
DA:92,1,afpHUCCK6PspXAUCigxh8Q
DA:82,0,1r5ZqbrBbxkz2dtV/FGTeA
DA:83,0,k5FvwG8l8EWfhisRBrtH4Q
DA:84,0,meqiQXGXrkkfLrSHKmIlBQ
DA:86,0,eb1BXTw1vL6mwzpoXm5gyg
DA:87,0,u8q5LK6JO8u249tRsJLj4Q
DA:88,0,LNg9OcKT2mizahFRtLz9bA
DA:89,0,VfAu8/L+ESrBoHgHRilN4Q
DA:93,0,v8Kc/nLGW/pgsvCEniTH9g
DA:94,0,CAjtciW+sERgfbIwWRonwg
DA:95,0,/9lu0KIpFen4VQJIOwFJ1w
DA:97,0,xjcDBnSwra0OiNOAYAwoHA
DA:98,0,irS/qyJTTeqgNju1fW07Bw
DA:99,0,cCzhnT+1tmGi11b28Pmfwg
DA:100,0,WKWMaTk3J/ZLa6aIe6F+vw
DA:101,0,hMw794Vk2pTFCvRZFlWa3g
DA:103,0,PqdM69/lkf6JrV0deD7TzA
DA:104,0,OyBugpATy1dlm7yZkbi6Jw
DA:106,0,LNg9OcKT2mizahFRtLz9bA
DA:107,0,AAmxA3tegRplKF8H2g/ZhQ
LF:77
LH:58
BRDA:13,0,0,1
BRDA:14,0,1,1
BRDA:22,1,0,1
BRDA:23,1,1,1
BRDA:33,2,0,1
BRDA:34,2,1,1
BRDA:39,3,0,1
BRDA:40,3,1,1
BRDA:45,4,0,1
BRDA:46,4,1,1
BRDA:50,5,0,1
BRDA:51,5,1,1
BRDA:55,6,0,1
BRDA:56,6,1,1
BRDA:65,7,0,1
BRDA:66,7,1,1
BRDA:70,8,0,1
BRDA:71,8,1,1
BRDA:77,9,0,1
BRDA:78,9,1,1
BRDA:0,10,0,-
BRDA:0,10,1,1
BRDA:83,11,0,-
BRDA:86,11,1,-
BRDA:95,12,0,-
BRDA:97,12,1,-
BRDA:104,13,0,-
BRDA:106,13,1,-
BRF:28
BRH:21
end_of_record
TN:
SF:src/release2mqtt/hass_formatter.py
DA:1,1,gGTQvjsCFZRTAK01JA8k5Q
DA:3,1,/I+gemuR58e30heYx8uvoA
DA:6,1,IClsk6qDuZLBx/JGZtYp+w
DA:30,1,XS8rJp3D8o7HZTjZ4M8b0Q
DA:9,0,k0FVjUPPWdN1KRnshTPEeQ
DA:23,0,X96kiYHKdq6xPOaq/RorVQ
DA:24,0,9Wbj/wNOJZ5Fs/IRXkuHlQ
DA:25,0,5MdjrFZnxxQaFsR3kLDxVA
DA:26,0,tEF1NXewTRGIcynYx2d75w
DA:27,0,Z9s2Cut+JbERkvlsUYHlpA
DA:31,0,r3fYbuCyQBO/JKsbpOWImA
DA:34,0,ZrJ53hZgi56gsE55VQKfWg
DA:43,0,rYZYjwLMleEGJRyWmdS0ZA
DA:44,0,M+b0YS2PUK5GxAXyG9Sp5Q
DA:45,0,W+8vQ5qQgofVprHdsveOyA
DA:46,0,xpwvHwzoq/p3zVg28vY2bQ
DA:47,0,4xHehsYKWUQrelUM1kkuGw
DA:48,0,ymf8x3kw4Rw/56zFEGBnEQ
DA:49,0,Ic/zvZuS2+eVVzMmIGLVhA
DA:50,0,+W0W+RmT/w+/FHuME7gq4g
LF:20
LH:4
BRDA:24,0,0,-
BRDA:26,0,1,-
BRDA:44,1,0,-
BRDA:45,1,1,-
BRDA:46,2,0,-
BRDA:47,2,1,-
BRDA:49,3,0,-
BRDA:50,3,1,-
BRF:8
BRH:0
end_of_record
TN:
SF:src/release2mqtt/integrations/__init__.py
DA:1,1,yzGYIUdyH+/CTeeOhTUmdg
LF:0
LH:0
BRF:0
BRH:0
end_of_record
TN:
SF:src/release2mqtt/integrations/docker.py
DA:1,1,L/jqrDHxbfUd/SDMFGHfTA
DA:2,1,XRh5gz49gzin2tgbGaB31w
DA:3,1,4KXOIu0EzlFAqlH6QJ+whA
DA:4,1,zVIrvo60kTiMN8IFGNmBDQ
DA:5,1,eOlkmBpB8t5vCpnquiZ2FQ
DA:6,1,6vWAvNsegNqafFN4IKLrhg
DA:7,1,APDuF/33FTjRgrcazkgwhw
DA:9,1,VJd/2zdDcTksSmn92RLoOw
DA:10,1,q8geLOTzlbk9vmowhQn/zQ
DA:11,1,e75FAxQ4mdh4aS5CNq89mQ
DA:12,1,JyKCvFIhs7xNT8eEf0489A
DA:13,1,a8+OvJ87I68jZRgD8m78SQ
DA:15,1,7O13SQ60V7rKvHG8bis4Gw
DA:16,1,VlOLP9wN45ciXWlOJ+ckMw
DA:18,1,wlQ+IMTVMaZjRu0pUDYNTw
DA:22,1,Cq5pMv54cIEB4c92BNYl1Q
DA:23,1,2DJFumc7HtxxFHuLa8OAQQ
DA:26,1,tRY1dYChib5PGkEhpsQUeA
DA:30,1,jdmF9Ep0XLklOj5Ulj6fTQ
DA:31,1,7XmQURp6CBIrtTbulM6+0Q
DA:39,1,jOk6aGcZpDtbMuGV5KS03Q
DA:48,1,cdZ7GDrZgmVVtUBWNd8Jlw
DA:77,1,zqUXpSpgSol9T5y+u6yPRQ
DA:90,1,mzJEMOvPA/SfUSMt7Fnt8w
DA:105,1,FaI20JsbDfA6XWjSXKSo8A
DA:121,1,kaN9PjIoomHqqB4lq3xZ4g
DA:265,1,uBS5pDqo6XU6EbKEbyTDug
DA:277,1,3s74C6wqV3lHtxpecnqnIA
DA:309,1,BkltCUFzC2MzLt/VfcTnbA
DA:312,1,8+hVhgpHaXelD3okyyaVvQ
DA:27,0,kOSvVip2BFLY86pWjaK8Qg
DA:32,0,zCqRbTpbHL3mwYtaU+mFRQ
DA:33,0,Gtd1UMvTyTUDxYsij9AT0Q
DA:34,0,zdkUHhA9d9pKEN+GHYTJBA
DA:35,0,sWgx1uBv2V1ACGpeXGDThA
DA:36,0,QvYrraZh7A/97NEcayu7fg
DA:37,0,5dNljt2KZPbKuJCC9CsWnA
DA:40,0,RjRe+QxCimycaz7B991p3A
DA:41,0,6bSUZWT7s29LLHvnKguGeA
DA:42,0,rZ/dck9jy7NgYmKSXcGLPg
DA:43,0,3JZexT3SkY0+CMRRZ3LSeQ
DA:44,0,nm5ofu6QXqe+JpFKHZ72sw
DA:45,0,wSc7vrqnNDKNYHBGHtyxKg
DA:46,0,fD2wKg06onO4aSgSrtxLag
DA:49,0,EAtG7bynb36GOKsrkM205Q
DA:51,0,moXjTQPrH6Ve4Z1B5rqh/Q
DA:52,0,phE+zdaYBXgzX1CcXMlIKw
DA:53,0,QlsV9aCJ6EFLzweIntr6zA
DA:54,0,ybDYLnYC4Xm5/FhW+8FTrg
DA:55,0,V+bEc+dc/JA5dHY6hQj8/g
DA:56,0,+qpl865WC5/OUoXVpH1qjg
DA:57,0,I/+XfZvRVi/sDFbXDDZe1g
DA:59,0,TsmPbwvIsrrTkmZx/F1whw
DA:60,0,eEh14A53QjZr4e1iDNFbdQ
DA:61,0,klCaL3dzvOIZUmsr/qlKmA
DA:62,0,f7TcLieSz1y9dcQPtObJhw
DA:63,0,9h8kb1Pqt5gIq2EFwxFGCw
DA:64,0,mT6CFps6ESK3TiTGelyvWg
DA:65,0,LyRYBTs0Ub+zqAZx1q+cHA
DA:66,0,KU4+DfsWJiMMoBntJRbZwA
DA:67,0,Ffdokcp4eXDBj3uKy/9wPw
DA:69,0,Q4+x4T3ZJHkw0OhyDwTGfQ
DA:70,0,cHQbhum0EUKTKZgE9rutTw
DA:71,0,OudG8ipnIrHReZgeRi0jVQ
DA:72,0,hLf3YW9oQHSmnRdvJQ2s7A
DA:73,0,rEFZ8TRptGfJ7SufOfjw2g
DA:75,0,W4hR3lEgYzYyIbkXBG2p5w
DA:78,0,QdUtqztaKJnW8/ZebT/ynA
DA:79,0,7qozwBQnHGxiDPwxEUCGZg
DA:80,0,3zUXeQI7a9eG/JeFJyHHRQ
DA:81,0,qa+Oon/g67oz1dgXET4uuw
DA:82,0,uw+l5GBdfiF9fZSSot2soQ
DA:83,0,z1FY6hyPBCbZwMZY9KnRLg
DA:84,0,nZ5Nf2MfwKrcHLaHWi2yRQ
DA:88,0,W/g8GJDAYJkSSurt59Mzfw
DA:91,0,qmYY8x30kuimnZ5/LDJc1w
DA:92,0,2wjoG4VEHE916A4yzzGKtQ
DA:93,0,oQxT8WHvweLwUzxsZfIISA
DA:94,0,//S6O+6w8wLcBn2Kc+NkQQ
DA:95,0,05qZIjVdF3ARgGhvizHlnQ
DA:96,0,sazXCwd1lRorGetfM1V1Lw
DA:97,0,iwq6wdADPoTTkdo7pYRyQQ
DA:98,0,n05AfdIFALNK7eRaTWeHow
DA:99,0,jtCAILQS0gOkh3QbwEIbOQ
DA:103,0,W/g8GJDAYJkSSurt59Mzfw
DA:106,0,cMyi9vWmPq2euj8wp+RCZg
DA:107,0,xjcDBnSwra0OiNOAYAwoHA
DA:108,0,VQR1ZTEu4wuzoQLUdJ8aEw
DA:109,0,pxwkg7cdgZNFrvfVpBpTyg
DA:110,0,ktFbQeyzIBr1QWX6vjNSNQ
DA:111,0,O/A9Rz+H7X+R5xV7viVnzg
DA:112,0,TrndzDzLaqbn2uJ1lwVJWA
DA:113,0,o4vIpa5ZKWai/2ZV0S9wZQ
DA:114,0,i1KneXRE7hPMy0vTRAcO+A
DA:115,0,ifCubMi5uNA3Mzo86E5+cQ
DA:116,0,LOOSz8tPVpQXxQDildSeyQ
DA:117,0,8yNldiMaTdmjG11MQ25krA
DA:118,0,wLL0bcFtFMVpRENRhaA4sQ
DA:119,0,apkQQtiiE4JOuDIBvLOUjQ
DA:122,0,3Nh10vFvcKv8rH/DhvMMpg
DA:123,0,Y4DqDm9Wp/41sjKOoZNhlA
DA:124,0,M+TzyVKvKYdNOpYF933RBQ
DA:125,0,GSm/k8+ufC7a4TTkj5F6oA
DA:126,0,z8TgOIJWP0OY1PoEMRIE0w
DA:127,0,b4h34XUqpElLhUiJuOijFw
DA:128,0,Dwjd91USmMoWKfkSCVg/jg
DA:129,0,GEISw2+2qwwPCqrEmxXAGg
DA:130,0,yUvt7EuPPc2nFeWJeQsALQ
DA:131,0,Dwjd91USmMoWKfkSCVg/jg
DA:132,0,A5HwL8oBxmVhl1RYFHoQOg
DA:133,0,Ck4FJdSlkrhEe8cDktHjug
DA:135,0,xvWIcpcyNr0gyGcTkdMxXw
DA:136,0,+8rtHhTb/L8tM4KOD1LFfw
DA:137,0,cfvBj4dI7gEafKi2zBVB8A
DA:138,0,NrDAqEqcJtvmQgQDEuBvhQ
DA:139,0,M7gttlufcK4EBd4QhAeKTA
DA:141,0,xvWIcpcyNr0gyGcTkdMxXw
DA:142,0,S5V+pg0GszTskcmz0bmkBg
DA:143,0,NrDAqEqcJtvmQgQDEuBvhQ
DA:144,0,tU5PDDENO3XKDxLrokrSNA
DA:145,0,WrLTXw3K+kU0M+/WtCQ6OQ
DA:147,0,gYy7WTsZVEQF18RiINUoXQ
DA:148,0,8lbkn/1Mg1zksHEJT+TInA
DA:149,0,31bWBTgixVCNlKB+5tjVXg
DA:151,0,O7oAAGIL6dOKYvNY3pB5+g
DA:152,0,EHUdqrpr6f0i2ENQIxKF4g
DA:153,0,7xDCpDpfCiH8S2OylTXE1A
DA:154,0,0E6PTW++cw4iTjVEwp9Fug
DA:156,0,FRfoUMxBoOWiVjewAkq4qA
DA:157,0,5EfzTgWeFz6c7rg4Xq9+SQ
DA:159,0,xjcDBnSwra0OiNOAYAwoHA
DA:160,0,ZEaw3n75dinp4QIZDMKciA
DA:161,0,5OGAxOhbcz/LuBNhMycrRw
DA:162,0,BJWOtdGlNbz3tU6ZtEQQJw
DA:163,0,YwHt18xDpxyFNvsz3PKqzg
DA:164,0,0yM/sCRT+w7Uy6gUB3U8zQ
DA:165,0,ehtcv9i1eALNdE6wxJveCA
DA:176,0,IFgM7DDo4Mr0QJy8I2RhrQ
DA:177,0,Xj4W7Zo/WMwi6XHzdbsNAg
DA:179,0,nXkOdNh/w+gN8LYAaZ4PlA
DA:180,0,Y1DdiF9zwrwZxe/K692h1w
DA:181,0,vOZwvknkfUvhgtdkNuw+Eg
DA:182,0,kW6O3Gk9sA0RhQD7Eho0jg
DA:183,0,10FSaLSb3yFTewdRm04vmA
DA:184,0,PgPfw/QdaYYMxMvT5Auwyg
DA:185,0,USyC1WVkQ2nSiopkxqpdlA
DA:186,0,MlLUZjv3XaXV/Zo3hnGF4A
DA:187,0,BrRmk88oH1RUNy8g6EfCng
DA:188,0,mTP+KgrOBlSWPTxAg45kwQ
DA:190,0,KV6NDVatQTn9V3hDxBoMnA
DA:192,0,gxOTP8/MMYjdUn8aarVfYA
DA:194,0,1aqyuRV4aX9lmXVeH/Abjw
DA:196,0,pQaWIYN2B049x2DddJBkkA
DA:197,0,9Enx9ScKLmou+VVMCkzRZw
DA:198,0,foLU6QDj7xYI8aVtWtpWuA
DA:200,0,wVUFT0a49veDjK+GfRwE2g
DA:202,0,xLjJf+qpdHTOt342OBLdlQ
DA:203,0,Vnp/uX8rQY13n2I3T5Hppg
DA:204,0,RxKk9HmJKagnSVxOzQ2qng
DA:205,0,QwV0p+gx1RcSFXZluuvoWg
DA:206,0,py2UyxsJ6Q/EcBFk1CYABw
DA:207,0,P/TQXp6X7vdS3ABPdw+Iqw
DA:208,0,gpsQ/tqdBzes6XhpMNijAw
DA:210,0,btva+eIfkjUuM7W2u4PxCg
DA:211,0,egTMuGXL9k2L0HBU8y6ceQ
DA:212,0,icF4zNf5MBFAn5D4BfIIng
DA:214,0,KLnYpLJ2CT6fVSOmy5flPQ
DA:216,0,g8ZHRGOBaZNUBmQ0OIOf/Q
DA:217,0,uYoG4HhNRHKiuWDFDviv8Q
DA:221,0,nStjVLK8Lnht+J6WEYlJUA
DA:222,0,E99HeIHILkc8+Kt2VUJI+A
DA:223,0,+pl1gZEhz6oQCZqMyF7qog
DA:224,0,4uKELSNDbCU03HtexKH85Q
DA:230,0,V1NrLQ6xIUsdXBXXnH9jCQ
DA:231,0,TbOdYEgQhmLi6CGOpi7sww
DA:232,0,stt2gmh+qmVHLDYnWc99zg
DA:233,0,6mZG/g0MW9S2XNFCwPmOOw
DA:235,0,F6NUarZmF7UPfhESwjYKtg
DA:236,0,kJb5Z9ttsxk1euDTrNYNCQ
DA:237,0,tbr03VswMyNVvTpp3ti4FA
DA:238,0,Vh7nsObSR6az1bo4e/pdKA
DA:239,0,wCOTcO5U722e8hLRyqIBJg
DA:240,0,+U19jGaDpgtafRVsONd6uw
DA:241,0,gNmGppvG/DCMMVsTH/hvIA
DA:242,0,usfrQlqVtv+Qo7yjDY+pGA
DA:244,0,CIC2OVONfQRZegpyVg+DHg
DA:261,0,cCzhnT+1tmGi11b28Pmfwg
DA:262,0,zTsZ6pRVKotUg2g0MUrHyA
DA:263,0,apkQQtiiE4JOuDIBvLOUjQ
DA:266,0,EeAdPMXICrhIDy0yOAclDw
DA:267,0,x6nBSesSt8/p7XX7TLUn0Q
DA:268,0,AEf0RQRHZoRLtYDDR2InNw
DA:269,0,/r29hqHS7q/WPWIfSxDLHQ
DA:270,0,WFrRMc5/6fgsXmJPJUZTQg
DA:271,0,liUcc4RqNETDElE8h2RoCw
DA:272,0,y7RbVE5r8DMOxXSPGi1fkQ
DA:273,0,NVGpPaMU8Sr7OkPR3OpQdA
DA:274,0,lxztUL/8+65ZZ/dtq2derw
DA:275,0,qOWD5IKFSo5+RLsUOuKCQA
DA:278,0,P8Z5yQokSF9KgaUMnxhC1Q
DA:279,0,95xutYMZ4s8BYrVLUf0W/Q
DA:280,0,8O18xGEfP85SNs6aKMaqeg
DA:281,0,+1epI5Mvoz78rNR9kUhUTA
DA:282,0,xjcDBnSwra0OiNOAYAwoHA
DA:283,0,/lCeZl6LbVEfs0nnuyQP0w
DA:284,0,sOFNz/Vc1SM1YPGyeokVhQ
DA:285,0,2ric5AIiFiIOPJUH9zZFBg
DA:286,0,hewjc7dkVUo1nKxsJp4ZzQ
DA:287,0,QHgmlLeS/jYTkfxXUobp5A
DA:289,0,DKwfJyNjlivOfLrqHB8XYA
DA:290,0,eNlYMpc8M7lt8TXk9zocrQ
DA:291,0,EjPVtfWlMbEpsXoqeX0cxg
DA:292,0,YfDMfIaMLg0r+k4wbubTXQ
DA:293,0,P4X9wgzscARR3Eojli6CdA
DA:294,0,k4aOO2+JGetTp/crk8N2Jg
DA:295,0,wqcNSk9kyUnzSjswOpWx/g
DA:296,0,fc1NUCmloMG7B1x39nmyMA
DA:297,0,LPD0xd0Q7/e8ccgMt/JhoA
DA:299,0,Hn2hNYHg3yIwCVK5RGq1uw
DA:300,0,4tUlooA/ykz+F2LT95knKw
DA:302,0,XNAyJtXoNkBuTGE2k8tEnw
DA:303,0,cCzhnT+1tmGi11b28Pmfwg
DA:304,0,j29YmWD+0mi/yZlDy2kI/A
DA:305,0,/605cwNyi3xEzm3doKgDVA
DA:306,0,T0qimpfEHKRjHjWIdFv+Hw
DA:307,0,GZwniC3XS9c2rOh323aBJw
DA:310,0,wTvgHfIAfrFPfPNmc+Biag
DA:313,0,xD//Fkn+kpQyWk8pVb3isQ
LF:228
LH:30
BRDA:54,0,0,-
BRDA:60,0,1,-
BRDA:57,1,0,-
BRDA:59,1,1,-
BRDA:0,2,0,-
BRDA:61,2,1,-
BRDA:64,3,0,-
BRDA:66,3,1,-
BRDA:67,4,0,-
BRDA:69,4,1,-
BRDA:71,5,0,-
BRDA:72,5,1,-
BRDA:73,6,0,-
BRDA:75,6,1,-
BRDA:82,7,0,-
BRDA:84,7,1,-
BRDA:94,8,0,-
BRDA:103,8,1,-
BRDA:97,9,0,-
BRDA:99,9,1,-
BRDA:110,10,0,-
BRDA:114,10,1,-
BRDA:112,11,0,-
BRDA:114,11,1,-
BRDA:116,12,0,-
BRDA:117,12,1,-
BRDA:127,13,0,-
BRDA:129,13,1,-
BRDA:130,14,0,-
BRDA:132,14,1,-
BRDA:133,15,0,-
BRDA:135,15,1,-
BRDA:152,16,0,-
BRDA:156,16,1,-
BRDA:151,17,0,-
BRDA:153,17,1,-
BRDA:0,18,0,-
BRDA:162,18,1,-
BRDA:165,19,0,-
BRDA:176,19,1,-
BRDA:180,20,0,-
BRDA:192,20,1,-
BRDA:182,21,0,-
BRDA:192,21,1,-
BRDA:188,22,0,-
BRDA:190,22,1,-
BRDA:194,23,0,-
BRDA:196,23,1,-
BRDA:0,24,0,-
BRDA:198,24,1,-
BRDA:211,25,0,-
BRDA:214,25,1,-
BRDA:217,26,0,-
BRDA:223,26,1,-
BRDA:235,27,0,-
BRDA:238,27,1,-
BRDA:239,28,0,-
BRDA:240,28,1,-
BRDA:269,29,0,-
BRDA:275,29,1,-
BRDA:268,30,0,-
BRDA:272,30,1,-
BRDA:285,31,0,-
BRDA:286,31,1,-
BRDA:287,32,0,-
BRDA:289,32,1,-
BRDA:290,33,0,-
BRDA:302,33,1,-
BRDA:294,34,0,-
BRDA:299,34,1,-
BRDA:306,35,0,-
BRDA:307,35,1,-
BRF:72
BRH:0
end_of_record
TN:
SF:src/release2mqtt/integrations/git_utils.py
DA:1,1,L/jqrDHxbfUd/SDMFGHfTA
DA:2,1,XRh5gz49gzin2tgbGaB31w
DA:3,1,6vWAvNsegNqafFN4IKLrhg
DA:5,1,e75FAxQ4mdh4aS5CNq89mQ
DA:7,1,Cq5pMv54cIEB4c92BNYl1Q
DA:10,1,BXwXHT8tgbmXKLv0d1nQfg
DA:19,1,nmt0+z0vnuwp7Vb47SBzzA
DA:36,1,FH8sgBnECBtcu6WfFEoD0A
DA:55,1,1el2MJDz9Eeok3PtBzH+ew
DA:11,0,B/Fo9U4/nMeRNS1JjGZVyQ
DA:12,0,NMdP0Yc5BrCig3V0UyPKRQ
DA:13,0,eJ6zrxnLWn/k18a2vHOhRA
DA:14,0,vy6CgW37KXB6tZmtM5IONw
DA:15,0,Dj/XH8jywJBu591cy7zKXg
DA:16,0,W/g8GJDAYJkSSurt59Mzfw
DA:20,0,wLaxdmzw6yQQRBLYj4mHYw
DA:21,0,B/Fo9U4/nMeRNS1JjGZVyQ
DA:22,0,pv3oZTkqKj30uVsxhhVdUg
DA:30,0,MCcKSIuxXVJXRNP157uj7g
DA:31,0,vy6CgW37KXB6tZmtM5IONw
DA:32,0,s7EHrM0RO1shLYEzP5oK4g
DA:33,0,UntDfNWeIJlMcYl/4Lg0pA
DA:37,0,wLaxdmzw6yQQRBLYj4mHYw
DA:38,0,B/Fo9U4/nMeRNS1JjGZVyQ
DA:39,0,pv3oZTkqKj30uVsxhhVdUg
DA:48,0,IDJSU9HOUqtkLxNlj01FsQ
DA:49,0,z1FY6hyPBCbZwMZY9KnRLg
DA:50,0,vy6CgW37KXB6tZmtM5IONw
DA:51,0,kYrYREyzk+KErtbRNn4bdg
DA:52,0,+pNbfy9o+cr8r1Caa0Dl7A
DA:56,0,Qw2p+MhEhANhyQS8aqT6Fg
DA:57,0,QhOcSMLcUUnrhtQxot3nVw
DA:58,0,6hDpY7/iySFmPSeQaX1rWQ
DA:59,0,0fIjIv4OagJGz1dU/qreTg
DA:60,0,eJ6zrxnLWn/k18a2vHOhRA
DA:61,0,KUPx/3PLhMAq62t6dx/Hbg
DA:62,0,+pNbfy9o+cr8r1Caa0Dl7A
LF:37
LH:9
BRDA:49,0,0,-
BRDA:52,0,1,-
BRDA:59,1,0,-
BRDA:61,1,1,-
BRF:4
BRH:0
end_of_record
TN:
SF:src/release2mqtt/model.py
DA:1,1,Nf/dQDXNBO4gl+IkH/yMhw
DA:2,1,eOlkmBpB8t5vCpnquiZ2FQ
DA:3,1,gGTQvjsCFZRTAK01JA8k5Q
DA:6,1,ppnAQ/FZKQ3LIyOgfRc/6g
DA:7,1,xMjac8ypg3YlqOn6pE/kIg
DA:9,1,4LgMgWBGno1n5MNJ8WRFsQ
DA:46,1,UUxPMPDbQCc1nVwozNCoxw
DA:51,1,r/q35PeRTolGPuT999oYiw
DA:52,1,ZTQh9nz/KsS+Ph53FxOumQ
DA:54,1,XoVUOkRyu3PGO4dLV1agZw
DA:55,1,jOk6aGcZpDtbMuGV5KS03Q
DA:58,1,XoVUOkRyu3PGO4dLV1agZw
DA:59,1,FaI20JsbDfA6XWjSXKSo8A
DA:62,1,XoVUOkRyu3PGO4dLV1agZw
DA:63,1,CC2M4+SeSn9ya6louVDfSg
DA:66,1,pvRQrwnPb9VZuo2Hj6ML9A
DA:70,1,8+hVhgpHaXelD3okyyaVvQ
DA:74,1,XoVUOkRyu3PGO4dLV1agZw
DA:75,1,3s74C6wqV3lHtxpecnqnIA
DA:78,1,XoVUOkRyu3PGO4dLV1agZw
DA:79,1,BkltCUFzC2MzLt/VfcTnbA
DA:28,0,B4bR7qmcJfvQJGPjqZvgAQ
DA:29,0,+cdLabnfi7GzIAtBQFOPvw
DA:30,0,wcM4GKYX03uauWX/3Ez41A
DA:31,0,8kcHORlYQo0pT08foOzjwg
DA:32,0,B08uafVbXPRmHuMSjn/D5A
DA:33,0,tR1PwtCn+jwvF+Xf6ewSGw
DA:34,0,xShwU18Biz9FkBYPmbE0MA
DA:35,0,1EbafwgUZSTdrNq4+pNiDQ
DA:36,0,YneFtjvgGRL+NHYp48KNNQ
DA:37,0,4RJAJWN91Kkaxf4M4h9sfg
DA:38,0,QT9+67A/VX/c+rnu0XGwyA
DA:39,0,EXdcwvEwAuukNzF4KnDuDw
DA:40,0,O7tRFdXoTw2VbCK4FaKyBA
DA:41,0,2rwe3FtOgRBXsG2fb65lQw
DA:42,0,ikuH7CAW41hwpmEgM8Ektw
DA:43,0,1ZehLRFoNgDy1212Bwq59w
DA:44,0,ikbzbjhCCqXKen4L62YDEQ
DA:48,0,WB8DCNwGX6GmJIFZeVSBHg
DA:67,0,J3cjNLXZzVpv9+FPHwuGKQ
DA:68,0,zl1rFSYAKDKdsRsH+EJTcQ
DA:71,0,J3cjNLXZzVpv9+FPHwuGKQ
DA:72,0,zl1rFSYAKDKdsRsH+EJTcQ
LF:42
LH:20
BRDA:54,0,0,1
BRDA:58,0,1,1
BRDA:58,1,0,1
BRDA:62,1,1,1
BRDA:62,2,0,1
BRDA:66,2,1,1
BRDA:74,3,0,1
BRDA:78,3,1,1
BRDA:0,4,0,1
BRDA:78,4,1,1
BRF:10
BRH:10
end_of_record
TN:
SF:src/release2mqtt/mqtt.py
DA:1,1,y0EdtUA1m2c0Z1f8RoGcRQ
DA:2,1,OaTlemF3bXMi5MP7Db8vkQ
DA:3,1,4KXOIu0EzlFAqlH6QJ+whA
DA:4,1,uh0K+9ZlKTNmOSPs4z4d0Q
DA:5,1,Fgl+vbOUGcWRorxc5bC0Iw
DA:6,1,gGTQvjsCFZRTAK01JA8k5Q
DA:8,1,Ou8n15ruFy9VLrEe86Uxxw
DA:9,1,adjctYUnjKg2wKrlLZemow
DA:10,1,ZqGmxf0AJ6HfKpcqDEPqWw
DA:11,1,e75FAxQ4mdh4aS5CNq89mQ
DA:12,1,lUKQNQk1Q6vM+9FIDBljwQ
DA:13,1,LxAnQhOcNxfSG6bkEfVN+w
DA:14,1,WO4sAbcwN5v6p710pF2H6w
DA:15,1,Yt5YRuBjcWjNGwu5R4XmyQ
DA:17,1,VlOLP9wN45ciXWlOJ+ckMw
DA:19,1,9lhIwfp18kLH7uYbB1+S3g
DA:20,1,RfoYObfMVC3rvVX2CgbG1Q
DA:22,1,Cq5pMv54cIEB4c92BNYl1Q
DA:25,1,CT9XrugR0VmgtyLiirko8A
DA:26,1,vtnvpBE/2bz0Vp/2IhOZJA
DA:27,1,+i+bZohV8UZ1mGKg71wNcw
DA:28,1,goaWuwUknmQZUauAttQMoA
DA:31,1,KP8FtKQ34KkBJB9ctxnFqw
DA:32,1,VO/xSSf1aAOOhmJeR7Sdzg
DA:41,1,8Cu7Uy/HsLMA97FpVO9SdA
DA:70,1,GwEYrhWJW9JiEHDoMpq6mg
DA:76,1,hd9Ods0smXVLGEwP1QahTQ
DA:87,1,dFdpISyI+nA6B6SdmuKAOg
DA:97,1,bCeWRgMLhEl6AZPZTOYE6g
DA:152,1,I9fnB4DN+m0wIMk90ssKzQ
DA:165,1,HNE1Y9s4bpvOYRkMJkfm9w
DA:206,1,oO31fXoDTDwjOEbP6tCCvg
DA:212,1,jdGfq4flCmpAA3EGSnu0MA
DA:218,1,DH/0E1KHkLE5739maH2h8A
DA:228,1,DiGBHehNNuzChCeMck/vog
DA:232,1,0CqIEpXNQExN5P59lJDLXw
DA:235,1,n0iTBMIew/7b0NhuKbVPtg
DA:238,1,A0bDw1lV32HTRcAHWHwyZQ
DA:250,1,+GlwJgh9PjjVCIkXlq5OgQ
DA:265,1,xpIjV+1kRoiaZzfnWregXA
DA:275,1,a4xYfLcSYJQWHi+xU0wGUQ
DA:279,1,vH7qYrHZm4UiHH10EjPy1w
DA:33,0,GRA5aD5LYWrt/kDYx+Kj1w
DA:34,0,PSeDA6j8bS6py92Npo1Qmw
DA:35,0,Iiy0QYlT+8Ex3UrdXs+0GQ
DA:36,0,yi4Y5qEcjxkVz/p+o8oIyw
DA:37,0,vbUC4HsSBsOlAUAf7VzVLg
DA:38,0,d+MvoXDs0/wniMnFjRXR9Q
DA:39,0,t7gpGXMcxMgQ2k1rUkPU4w
DA:42,0,SBrtQprH52A/lG4YUTgKyw
DA:43,0,xjcDBnSwra0OiNOAYAwoHA
DA:44,0,yJ7s9lu3hUsOTf7A7jO8oA
DA:45,0,KB0c0vLDARnsRLWpgW3DXA
DA:50,0,CSPTGqbb9R2280NHo/LxcA
DA:51,0,RA04/WLQFO5SkyqdjeHPiw
DA:53,0,y3Zu/tFapgS+yxLRntqMYg
DA:54,0,k17LgdvbJb2M9xnq33c/4A
DA:55,0,Uf2LqXyKnOzo6H2atRBz5A
DA:57,0,DLP1Z3K1LgUHBToJVLYvJg
DA:59,0,PZZpAdekrNv99eSB8nCpsA
DA:60,0,cCzhnT+1tmGi11b28Pmfwg
DA:61,0,GBOcmYXzSFcSc/gDr7Ma5A
DA:68,0,M32dA6LnYiJ4M/SjWRtYOw
DA:71,0,EgvX7cOqalfaGVgW4khMhg
DA:72,0,21r3/ZjKd+drUJCQB6myYw
DA:73,0,WehcSCpm+P9Vw69beH7Eiw
DA:74,0,kD9IdVpVtFiCAdJNqB+61Q
DA:79,0,ad1qZcmp0nAolTX56Mrouw
DA:80,0,KqetFjeWOGDMGxWcSNeCSQ
DA:81,0,MnzpXe1veqpfA7nIMRo0OA
DA:82,0,l2roYfjQc5QAYtLTUwkGtg
DA:83,0,gUVwz3+XfZgoE5MEVXCjFg
DA:84,0,v0FwCcGKaZlcnmxHD5cdwg
DA:85,0,ikI17LA8WRcuHQ5519l+Wg
DA:95,0,P3uXCtX/3OAgzoXTaA4qIQ
DA:98,0,zJEQOlaPCeEWWuwNHQsJgw
DA:99,0,PdOpErm9mfz3dFWNKTcjcw
DA:100,0,g4hVBXRTCY9Tkp5Fp/Pz/A
DA:105,0,7bVbK5Uum7ZLZwfSE1axkQ
DA:106,0,WjjQH2yOrSawiCvzbzEDeQ
DA:107,0,CjhHflclTNfBW9Kq4uI0FQ
DA:112,0,Qr+du0kYqgvnfbpHNF74/w
DA:113,0,bwRkNOzRjCM0zJe+aqMzsw
DA:114,0,XIubFlOYvI8BgyV1aZx+eg
DA:115,0,Uk1iEqLYWHwxE4nbWtF0CQ
DA:116,0,7zSE/cqW7TUs4XD6EkM4iQ
DA:117,0,RBp2ri//q2E3fNv4YNnOCg
DA:118,0,rG7tOMO/Ml8AH8KhdE4nHQ
DA:119,0,jAHzIg4dujTdTXWpcfZyMw
DA:125,0,wqV+Bls/z6Fog+PJSEAzlA
DA:126,0,fJcmGl9hrR4yFS5dfand8g
DA:127,0,+T6RzUqyRyF7viv6/6piwg
DA:129,0,6E+kwsQ8WiPr31lwHXrZDQ
DA:134,0,t1zB+H+U0OtHF28q4myO7w
DA:136,0,WMNIoHEl8O9RqAFICZtB7A
DA:137,0,pR1c5WC74VRD3c8o82B4/Q
DA:138,0,wU6zKsmvJXKpRK7H2wD6DA
DA:142,0,wU6zKsmvJXKpRK7H2wD6DA
DA:146,0,8IbJVt5fHAwlBw+noeYncA
DA:147,0,twIXH6TOr4w94hGKewQ3jQ
DA:148,0,e00TnhZVtzuOy4nnxvorMA
DA:150,0,SoesUGiDU3oYJKqE3Ma2YQ
DA:153,0,OdK0xRVH13bplr6CyUpFGQ
DA:154,0,/epQTfp1jOvjGFsvUkRYHA
DA:155,0,xjcDBnSwra0OiNOAYAwoHA
DA:156,0,9hHiiidT4r61jo8F9r4zBQ
DA:157,0,cCzhnT+1tmGi11b28Pmfwg
DA:158,0,Wmc5bZoaxO0J7G3joPDHqA
DA:159,0,xjcDBnSwra0OiNOAYAwoHA
DA:160,0,m1BDy27BYTyb/X1Yz7AO4g
DA:161,0,cCzhnT+1tmGi11b28Pmfwg
DA:162,0,1/Vri9unZxOjvk6/NLOoCA
DA:163,0,zl1rFSYAKDKdsRsH+EJTcQ
DA:168,0,+WsTQLn8dxdoC54OLCNMRg
DA:169,0,xjcDBnSwra0OiNOAYAwoHA
DA:170,0,Kb847Sb/vtIMRVvg/VoWGQ
DA:171,0,ECfkWzMrVKpAge7vV4YR1w
DA:172,0,SdUwuAGcxcRhbGV6BbiyKA
DA:173,0,NajyQ7QCBUbDbqCCN8yUMg
DA:174,0,6qThqznJhQyIiS7TgsMZ4Q
DA:175,0,mcA64YtB3StI1hZwLtETcQ
DA:176,0,0dSuyYHsB5UNUwoY5MyjZA
DA:177,0,VhqRnC0HwBNfq1vlVuIPsw
DA:178,0,BXZnFtbBCC7rvADYSeciyg
DA:179,0,3rg1zPiPFGqlRDdscWcynA
DA:180,0,kgvRBcwI69bqv1Iwv1Uqbg
DA:182,0,G9yxsqrxuuktIe125R0o1g
DA:183,0,HIc0Eh61gfrJgo02T0LOIA
DA:184,0,0z4hN8vbD0vcWdB/xeZ3qw
DA:185,0,QGE6QYn3EbZ93Mw3KcvG6Q
DA:186,0,i6mIb5UTg8r0BNPTxQ9Y1Q
DA:187,0,IVWLEj58LZFyI59zEFqvCg
DA:188,0,P4c4vq9/Xw7T0F7f76kCZA
DA:190,0,oKf6uZJsDDULvdIoAPp1KA
DA:196,0,73m94+bf7IqBvaKwT0H97g
DA:197,0,566U4nQk3PhCQXIX5NB8zw
DA:198,0,c0RrknTUya1k+n0YTUoA8Q
DA:199,0,/kJQHd9oTrWFI2vEtggLBw
DA:201,0,VWkPSUoSX0HREiPqhLXEVw
DA:202,0,6WSPSBaghmCAnFvPN3VlCQ
DA:203,0,cCzhnT+1tmGi11b28Pmfwg
DA:204,0,JH6Mxl8OzOaxCJaRUThRFw
DA:207,0,tkj5uLJhnbobEtLJcRgSUg
DA:210,0,62sJyaP14f8WHwxjEN0RWA
DA:213,0,IWqHzp5tg0N9BJffsjfx/w
DA:214,0,Hf9mmRMaVMZ3p7MMH3dVyA
DA:216,0,YCVoP2412sLwLVRdJF5ELg
DA:219,0,F1VXtJgrAdXjsGdcRXlnzQ
DA:220,0,+9kEi6yhYMuwACKgC13SOg
DA:222,0,k1QNRJYOXdvVWFDo7k6Tzg
DA:223,0,zpvSBrFeFAYva77aGJlq3A
DA:225,0,ryrp7FknOcseInjAx+heQw
DA:226,0,7+8llchxR6JlJTp3LHR/0g
DA:229,0,5JqsUfEOAHwapO0/zaIWUw
DA:230,0,NmHzq1mR/gQ3N2Of9oxpsQ
DA:233,0,Rc+OxCloCE+QwFtPndrBIQ
DA:236,0,JOiXmDHiAeQMvmSCKAYyzQ
DA:239,0,XN+RiAwT0YfaqsBh9TMi1w
DA:240,0,7LzwTZE5Cd2emsyCBm5HOA
DA:251,0,TnEg9n9qLjJzjxUDytyVCg
DA:252,0,bl4VQTK8Ggb2fNYj0JaKGg
DA:253,0,7LzwTZE5Cd2emsyCBm5HOA
DA:266,0,lf0ryFTEqRiefj2pfAsLtg
DA:267,0,alPdUvv/ESYqTesoo6lAgQ
DA:268,0,240CKTSaxKojoaapmXdO8g
DA:270,0,QXfZTYPH6eEvU3UBP7gA4g
DA:271,0,6UAjoJNBIXb6Fal92fZHrA
DA:272,0,ikI17LA8WRcuHQ5519l+Wg
DA:273,0,XyDTkCw6nYZ2BxbVciptQA
DA:276,0,EgvX7cOqalfaGVgW4khMhg
DA:277,0,OggfjB4SMptmSSpVtfGc4w
DA:280,0,EgvX7cOqalfaGVgW4khMhg
DA:281,0,GFWY7G9TxzAyflKuBX1qaQ
LF:173
LH:42
BRDA:26,0,0,1
BRDA:27,0,1,1
BRDA:0,1,0,-
BRDA:72,1,1,-
BRDA:80,2,0,-
BRDA:82,2,1,-
BRDA:0,3,0,-
BRDA:84,3,1,-
BRDA:0,4,0,-
BRDA:114,4,1,-
BRDA:134,4,2,-
BRDA:126,5,0,-
BRDA:129,5,1,-
BRDA:148,6,0,-
BRDA:150,6,1,-
BRDA:154,7,0,-
BRDA:155,7,1,-
BRDA:176,8,0,-
BRDA:177,8,1,-
BRDA:178,9,0,-
BRDA:179,9,1,-
BRDA:180,10,0,-
BRDA:182,10,1,-
BRDA:184,11,0,-
BRDA:185,11,1,-
BRDA:186,12,0,-
BRDA:187,12,1,-
BRDA:188,13,0,-
BRDA:190,13,1,-
BRDA:199,14,0,-
BRDA:201,14,1,-
BRDA:214,15,0,-
BRDA:216,15,1,-
BRDA:0,16,0,-
BRDA:226,16,1,-
BRDA:268,17,0,-
BRDA:270,17,1,-
BRDA:0,18,0,-
BRDA:277,18,1,-
BRDA:0,19,0,-
BRDA:281,19,1,-
BRF:41
BRH:2
end_of_record
